This is pdfTeX, Version 3.1415926-2.5-1.40.14 (MiKTeX 2.9 64-bit) (preloaded format=pdflatex 2014.6.3)  27 JUN 2014 14:34
entering extended mode
**C:/DropBox/Automotive*Systems*2*(Software*Based)/ProjectWork/ProjectDocumenta
tion/ProjectDocumentation/ProjectDocumentation.tex

("C:/DropBox/Automotive Systems 2 (Software Based)/ProjectWork/ProjectDocumenta
tion/ProjectDocumentation/ProjectDocumentation.tex"
LaTeX2e <2011/06/27>
Babel <v3.8m> and hyphenation patterns for english, afrikaans, ancientgreek, ar
abic, armenian, assamese, basque, bengali, bokmal, bulgarian, catalan, coptic, 
croatian, czech, danish, dutch, esperanto, estonian, farsi, finnish, french, ga
lician, german, german-x-2013-05-26, greek, gujarati, hindi, hungarian, iceland
ic, indonesian, interlingua, irish, italian, kannada, kurmanji, latin, latvian,
 lithuanian, malayalam, marathi, mongolian, mongolianlmc, monogreek, ngerman, n
german-x-2013-05-26, nynorsk, oriya, panjabi, pinyin, polish, portuguese, roman
ian, russian, sanskrit, serbian, slovak, slovenian, spanish, swedish, swissgerm
an, tamil, telugu, turkish, turkmen, ukenglish, ukrainian, uppersorbian, usengl
ishmax, welsh, loaded.
("C:\Program Files\MiKTeX 2.9\tex\latex\base\article.cls"
Document Class: article 2007/10/19 v1.4h Standard LaTeX document class
("C:\Program Files\MiKTeX 2.9\tex\latex\base\size11.clo"
File: size11.clo 2007/10/19 v1.4h Standard LaTeX file (size option)
)
\c@part=\count79
\c@section=\count80
\c@subsection=\count81
\c@subsubsection=\count82
\c@paragraph=\count83
\c@subparagraph=\count84
\c@figure=\count85
\c@table=\count86
\abovecaptionskip=\skip41
\belowcaptionskip=\skip42
\bibindent=\dimen102
)
("C:\Program Files\MiKTeX 2.9\tex\latex\lipsum\lipsum.sty"
Package: lipsum 2011/04/14 v1.2 150 paragraphs of Lorem Ipsum dummy text
\c@lips@count=\count87
)
("C:\Program Files\MiKTeX 2.9\tex\latex\psnfss\mathpazo.sty"
Package: mathpazo 2005/04/12 PSNFSS-v9.2a Palatino w/ Pazo Math (D.Puga, WaS) 
\symupright=\mathgroup4
)
("C:\Program Files\MiKTeX 2.9\tex\latex\base\fontenc.sty"
Package: fontenc 2005/09/27 v1.99g Standard LaTeX package

("C:\Program Files\MiKTeX 2.9\tex\latex\base\t1enc.def"
File: t1enc.def 2005/09/27 v1.99g Standard LaTeX file
LaTeX Font Info:    Redeclaring font encoding T1 on input line 43.
))
("C:\Program Files\MiKTeX 2.9\tex\latex\microtype\microtype.sty"
Package: microtype 2013/05/23 v2.5a Micro-typographical refinements (RS)

("C:\Program Files\MiKTeX 2.9\tex\latex\graphics\keyval.sty"
Package: keyval 1999/03/16 v1.13 key=value parser (DPC)
\KV@toks@=\toks14
)
\MT@toks=\toks15
\MT@count=\count88
LaTeX Info: Redefining \textls on input line 766.
\MT@outer@kern=\dimen103
LaTeX Info: Redefining \textmicrotypecontext on input line 1285.
\MT@listname@count=\count89

("C:\Program Files\MiKTeX 2.9\tex\latex\microtype\microtype-pdftex.def"
File: microtype-pdftex.def 2013/05/23 v2.5a Definitions specific to pdftex (RS)

LaTeX Info: Redefining \lsstyle on input line 915.
LaTeX Info: Redefining \lslig on input line 915.
\MT@outer@space=\skip43
)
Package microtype Info: Loading configuration file microtype.cfg.

("C:\Program Files\MiKTeX 2.9\tex\latex\microtype\microtype.cfg"
File: microtype.cfg 2013/05/23 v2.5a microtype main configuration file (RS)
))
("C:\Program Files\MiKTeX 2.9\tex\latex\geometry\geometry.sty"
Package: geometry 2010/09/12 v5.6 Page Geometry

("C:\Program Files\MiKTeX 2.9\tex\generic\oberdiek\ifpdf.sty"
Package: ifpdf 2011/01/30 v2.3 Provides the ifpdf switch (HO)
Package ifpdf Info: pdfTeX in PDF mode is detected.
)
("C:\Program Files\MiKTeX 2.9\tex\generic\oberdiek\ifvtex.sty"
Package: ifvtex 2010/03/01 v1.5 Detect VTeX and its facilities (HO)
Package ifvtex Info: VTeX not detected.
)
("C:\Program Files\MiKTeX 2.9\tex\generic\ifxetex\ifxetex.sty"
Package: ifxetex 2010/09/12 v0.6 Provides ifxetex conditional
)
\Gm@cnth=\count90
\Gm@cntv=\count91
\c@Gm@tempcnt=\count92
\Gm@bindingoffset=\dimen104
\Gm@wd@mp=\dimen105
\Gm@odd@mp=\dimen106
\Gm@even@mp=\dimen107
\Gm@layoutwidth=\dimen108
\Gm@layoutheight=\dimen109
\Gm@layouthoffset=\dimen110
\Gm@layoutvoffset=\dimen111
\Gm@dimlist=\toks16

("C:\Program Files\MiKTeX 2.9\tex\latex\geometry\geometry.cfg"))
("C:\Program Files\MiKTeX 2.9\tex\latex\tools\multicol.sty"
Package: multicol 2011/06/27 v1.7a multicolumn formatting (FMi)
\c@tracingmulticols=\count93
\mult@box=\box26
\multicol@leftmargin=\dimen112
\c@unbalance=\count94
\c@collectmore=\count95
\doublecol@number=\count96
\multicoltolerance=\count97
\multicolpretolerance=\count98
\full@width=\dimen113
\page@free=\dimen114
\premulticols=\dimen115
\postmulticols=\dimen116
\multicolsep=\skip44
\multicolbaselineskip=\skip45
\partial@page=\box27
\last@line=\box28
\mult@rightbox=\box29
\mult@grightbox=\box30
\mult@gfirstbox=\box31
\mult@firstbox=\box32
\@tempa=\box33
\@tempa=\box34
\@tempa=\box35
\@tempa=\box36
\@tempa=\box37
\@tempa=\box38
\@tempa=\box39
\@tempa=\box40
\@tempa=\box41
\@tempa=\box42
\@tempa=\box43
\@tempa=\box44
\@tempa=\box45
\@tempa=\box46
\@tempa=\box47
\@tempa=\box48
\@tempa=\box49
\c@columnbadness=\count99
\c@finalcolumnbadness=\count100
\last@try=\dimen117
\multicolovershoot=\dimen118
\multicolundershoot=\dimen119
\mult@nat@firstbox=\box50
\colbreak@box=\box51
\multicol@sort@counter=\count101
)
("C:\Program Files\MiKTeX 2.9\tex\latex\hyperref\hyperref.sty"
Package: hyperref 2012/11/06 v6.83m Hypertext links for LaTeX

("C:\Program Files\MiKTeX 2.9\tex\generic\oberdiek\hobsub-hyperref.sty"
Package: hobsub-hyperref 2012/04/25 v1.12 Bundle oberdiek, subset hyperref (HO)


("C:\Program Files\MiKTeX 2.9\tex\generic\oberdiek\hobsub-generic.sty"
Package: hobsub-generic 2012/04/25 v1.12 Bundle oberdiek, subset generic (HO)
Package: hobsub 2012/04/25 v1.12 Construct package bundles (HO)
Package: infwarerr 2010/04/08 v1.3 Providing info/warning/error messages (HO)
Package: ltxcmds 2011/11/09 v1.22 LaTeX kernel commands for general use (HO)
Package: ifluatex 2010/03/01 v1.3 Provides the ifluatex switch (HO)
Package ifluatex Info: LuaTeX not detected.
Package hobsub Info: Skipping package `ifvtex' (already loaded).
Package: intcalc 2007/09/27 v1.1 Expandable calculations with integers (HO)
Package hobsub Info: Skipping package `ifpdf' (already loaded).
Package: etexcmds 2011/02/16 v1.5 Avoid name clashes with e-TeX commands (HO)
Package etexcmds Info: Could not find \expanded.
(etexcmds)             That can mean that you are not using pdfTeX 1.50 or
(etexcmds)             that some package has redefined \expanded.
(etexcmds)             In the latter case, load this package earlier.
Package: kvsetkeys 2012/04/25 v1.16 Key value parser (HO)
Package: kvdefinekeys 2011/04/07 v1.3 Define keys (HO)
Package: pdftexcmds 2011/11/29 v0.20 Utility functions of pdfTeX for LuaTeX (HO
)
Package pdftexcmds Info: LuaTeX not detected.
Package pdftexcmds Info: \pdf@primitive is available.
Package pdftexcmds Info: \pdf@ifprimitive is available.
Package pdftexcmds Info: \pdfdraftmode found.
Package: pdfescape 2011/11/25 v1.13 Implements pdfTeX's escape features (HO)
Package: bigintcalc 2012/04/08 v1.3 Expandable calculations on big integers (HO
)
Package: bitset 2011/01/30 v1.1 Handle bit-vector datatype (HO)
Package: uniquecounter 2011/01/30 v1.2 Provide unlimited unique counter (HO)
)
Package hobsub Info: Skipping package `hobsub' (already loaded).
Package: letltxmacro 2010/09/02 v1.4 Let assignment for LaTeX macros (HO)
Package: hopatch 2011/06/24 v1.1 Wrapper for package hooks (HO)
Package: xcolor-patch 2011/01/30 xcolor patch
Package: atveryend 2011/06/30 v1.8 Hooks at the very end of document (HO)
Package atveryend Info: \enddocument detected (standard20110627).
Package: atbegshi 2011/10/05 v1.16 At begin shipout hook (HO)
Package: refcount 2011/10/16 v3.4 Data extraction from label references (HO)
Package: hycolor 2011/01/30 v1.7 Color options for hyperref/bookmark (HO)
)
("C:\Program Files\MiKTeX 2.9\tex\latex\oberdiek\auxhook.sty"
Package: auxhook 2011/03/04 v1.3 Hooks for auxiliary files (HO)
)
("C:\Program Files\MiKTeX 2.9\tex\latex\oberdiek\kvoptions.sty"
Package: kvoptions 2011/06/30 v3.11 Key value format for package options (HO)
)
\@linkdim=\dimen120
\Hy@linkcounter=\count102
\Hy@pagecounter=\count103

("C:\Program Files\MiKTeX 2.9\tex\latex\hyperref\pd1enc.def"
File: pd1enc.def 2012/11/06 v6.83m Hyperref: PDFDocEncoding definition (HO)
)
\Hy@SavedSpaceFactor=\count104

("C:\Program Files\MiKTeX 2.9\tex\latex\00miktex\hyperref.cfg"
File: hyperref.cfg 2002/06/06 v1.2 hyperref configuration of TeXLive
)
Package hyperref Info: Hyper figures OFF on input line 4443.
Package hyperref Info: Link nesting OFF on input line 4448.
Package hyperref Info: Hyper index ON on input line 4451.
Package hyperref Info: Plain pages OFF on input line 4458.
Package hyperref Info: Backreferencing OFF on input line 4463.
Package hyperref Info: Implicit mode ON; LaTeX internals redefined.
Package hyperref Info: Bookmarks ON on input line 4688.
\c@Hy@tempcnt=\count105

("C:\Program Files\MiKTeX 2.9\tex\latex\url\url.sty"
\Urlmuskip=\muskip10
Package: url 2013/09/16  ver 3.4  Verb mode for urls, etc.
)
LaTeX Info: Redefining \url on input line 5041.
\XeTeXLinkMargin=\dimen121
\Fld@menulength=\count106
\Field@Width=\dimen122
\Fld@charsize=\dimen123
Package hyperref Info: Hyper figures OFF on input line 6295.
Package hyperref Info: Link nesting OFF on input line 6300.
Package hyperref Info: Hyper index ON on input line 6303.
Package hyperref Info: backreferencing OFF on input line 6310.
Package hyperref Info: Link coloring OFF on input line 6315.
Package hyperref Info: Link coloring with OCG OFF on input line 6320.
Package hyperref Info: PDF/A mode OFF on input line 6325.
LaTeX Info: Redefining \ref on input line 6365.
LaTeX Info: Redefining \pageref on input line 6369.
\Hy@abspage=\count107
\c@Item=\count108
\c@Hfootnote=\count109
)

Package hyperref Message: Driver (autodetected): hpdftex.

("C:\Program Files\MiKTeX 2.9\tex\latex\hyperref\hpdftex.def"
File: hpdftex.def 2012/11/06 v6.83m Hyperref driver for pdfTeX
\Fld@listcount=\count110
\c@bookmark@seq@number=\count111

("C:\Program Files\MiKTeX 2.9\tex\latex\oberdiek\rerunfilecheck.sty"
Package: rerunfilecheck 2011/04/15 v1.7 Rerun checks for auxiliary files (HO)
Package uniquecounter Info: New unique counter `rerunfilecheck' on input line 2
82.
)
\Hy@SectionHShift=\skip46
)
("C:\Program Files\MiKTeX 2.9\tex\latex\caption\caption.sty"
Package: caption 2013/05/02 v3.3-89 Customizing captions (AR)

("C:\Program Files\MiKTeX 2.9\tex\latex\caption\caption3.sty"
Package: caption3 2013/05/02 v1.6-88 caption3 kernel (AR)
Package caption3 Info: TeX engine: e-TeX on input line 57.
\captionmargin=\dimen124
\captionmargin@=\dimen125
\captionwidth=\dimen126
\caption@tempdima=\dimen127
\caption@indent=\dimen128
\caption@parindent=\dimen129
\caption@hangindent=\dimen130
)
\c@ContinuedFloat=\count112
Package caption Info: hyperref package is loaded.
)
("C:\Program Files\MiKTeX 2.9\tex\latex\booktabs\booktabs.sty"
Package: booktabs 2005/04/14 v1.61803 publication quality tables
\heavyrulewidth=\dimen131
\lightrulewidth=\dimen132
\cmidrulewidth=\dimen133
\belowrulesep=\dimen134
\belowbottomsep=\dimen135
\aboverulesep=\dimen136
\abovetopsep=\dimen137
\cmidrulesep=\dimen138
\cmidrulekern=\dimen139
\defaultaddspace=\dimen140
\@cmidla=\count113
\@cmidlb=\count114
\@aboverulesep=\dimen141
\@belowrulesep=\dimen142
\@thisruleclass=\count115
\@lastruleclass=\count116
\@thisrulewidth=\dimen143
)
("C:\Program Files\MiKTeX 2.9\tex\latex\float\float.sty"
Package: float 2001/11/08 v1.3d Float enhancements (AL)
\c@float@type=\count117
\float@exts=\toks17
\float@box=\box52
\@float@everytoks=\toks18
\@floatcapt=\box53
)
("C:\Program Files\MiKTeX 2.9\tex\generic\babel\babel.sty"
Package: babel 2008/07/08 v3.8m The Babel package

*************************************
* Local config file bblopts.cfg used
*
("C:\Program Files\MiKTeX 2.9\tex\latex\00miktex\bblopts.cfg"
File: bblopts.cfg 2006/07/31 v1.0 MiKTeX 'babel' configuration
)
("C:\Program Files\MiKTeX 2.9\tex\generic\babel\ngermanb.ldf"
Language: ngermanb 2008/07/06 v2.6n new German support from the babel system

("C:\Program Files\MiKTeX 2.9\tex\generic\babel\babel.def"
File: babel.def 2008/07/08 v3.8m Babel common definitions
\babel@savecnt=\count118
\U@D=\dimen144
)
\l@naustrian = a dialect from \language\l@ngerman 
Package babel Info: Making " an active character on input line 92.
)
("C:\Program Files\MiKTeX 2.9\tex\generic\babel\english.ldf"
Language: english 2005/03/30 v3.3o English support from the babel system
\l@canadian = a dialect from \language\l@american 
\l@australian = a dialect from \language\l@british 
\l@newzealand = a dialect from \language\l@british 
))
("C:\Program Files\MiKTeX 2.9\tex\latex\lettrine\lettrine.sty"
File: lettrine.sty 2013/03/14 v1.64 (Daniel Flipo)
\c@DefaultLines=\count119
\DefaultFindent=\dimen145
\DefaultNindent=\dimen146
\DefaultSlope=\dimen147
\L@lbox=\box54
\L@tbox=\box55
\c@L@lines=\count120
\L@Pindent=\dimen148
\L@Findent=\dimen149
\L@Nindent=\dimen150
\L@lraise=\dimen151
\L@first=\dimen152
\L@next=\dimen153
\L@slope=\dimen154
\L@height=\dimen155
\LettrineWidth=\dimen156

Loading lettrine.cfg
("C:\Program Files\MiKTeX 2.9\tex\latex\lettrine\lettrine.cfg"))
("C:\Program Files\MiKTeX 2.9\tex\latex\paralist\paralist.sty"
Package: paralist 2013/06/09 v2.4 Extended list environments
\pltopsep=\skip47
\plpartopsep=\skip48
\plitemsep=\skip49
\plparsep=\skip50
\pl@lab=\toks19
)
("C:\Program Files\MiKTeX 2.9\tex\latex\floatflt\floatflt.sty"
Package: floatflt 1997/07/16 v. 1.31
\c@OptionTest=\count121
\figbox=\box56
\tabbox=\box57
\pagebox=\box58
\ffigcount=\count122
\ftabcount=\count123
\fftest=\count124
\hangcount=\count125
\nosuccesstryfig=\count126
\nosuccesstrytab=\count127
\figgutter=\dimen157
\tabgutter=\dimen158
\htdone=\dimen159
\pageht=\dimen160
\startpageht=\dimen161
\tabbredd=\dimen162
\floatfltwidth=\dimen163
\fltitemwidth=\dimen164
\outputpretest=\toks20
)
("C:\Program Files\MiKTeX 2.9\tex\latex\abstract\abstract.sty"
Package: abstract 2009/06/08 v1.2a configurable abstracts
\abstitleskip=\skip51
\absleftindent=\skip52
\absrightindent=\skip53
\absparindent=\skip54
\absparsep=\skip55
)
("C:\Program Files\MiKTeX 2.9\tex\latex\titlesec\titlesec.sty"
Package: titlesec 2011/12/15 v2.10.0 Sectioning titles
\ttl@box=\box59
\beforetitleunit=\skip56
\aftertitleunit=\skip57
\ttl@plus=\dimen165
\ttl@minus=\dimen166
\ttl@toksa=\toks21
\titlewidth=\dimen167
\titlewidthlast=\dimen168
\titlewidthfirst=\dimen169
)
("C:\Program Files\MiKTeX 2.9\tex\latex\titlesec\block.tss"
File: block.tss 2011/12/15
)
("C:\Program Files\MiKTeX 2.9\tex\latex\graphics\graphicx.sty"
Package: graphicx 1999/02/16 v1.0f Enhanced LaTeX Graphics (DPC,SPQR)

("C:\Program Files\MiKTeX 2.9\tex\latex\graphics\graphics.sty"
Package: graphics 2009/02/05 v1.0o Standard LaTeX Graphics (DPC,SPQR)

("C:\Program Files\MiKTeX 2.9\tex\latex\graphics\trig.sty"
Package: trig 1999/03/16 v1.09 sin cos tan (DPC)
)
("C:\Program Files\MiKTeX 2.9\tex\latex\00miktex\graphics.cfg"
File: graphics.cfg 2007/01/18 v1.5 graphics configuration of teTeX/TeXLive
)
Package graphics Info: Driver file: pdftex.def on input line 91.

("C:\Program Files\MiKTeX 2.9\tex\latex\pdftex-def\pdftex.def"
File: pdftex.def 2011/05/27 v0.06d Graphics/color for pdfTeX
\Gread@gobject=\count128
))
\Gin@req@height=\dimen170
\Gin@req@width=\dimen171
)
("C:\Program Files\MiKTeX 2.9\tex\latex\fancyhdr\fancyhdr.sty"
\fancy@headwidth=\skip58
\f@ncyO@elh=\skip59
\f@ncyO@erh=\skip60
\f@ncyO@olh=\skip61
\f@ncyO@orh=\skip62
\f@ncyO@elf=\skip63
\f@ncyO@erf=\skip64
\f@ncyO@olf=\skip65
\f@ncyO@orf=\skip66
)

Package Fancyhdr Warning: \fancyfoot's `E' option without twoside option is use
less on input line 39.

("C:\Program Files\MiKTeX 2.9\tex\latex\listings\listings.sty"
\lst@mode=\count129
\lst@gtempboxa=\box60
\lst@token=\toks22
\lst@length=\count130
\lst@currlwidth=\dimen172
\lst@column=\count131
\lst@pos=\count132
\lst@lostspace=\dimen173
\lst@width=\dimen174
\lst@newlines=\count133
\lst@lineno=\count134
\lst@maxwidth=\dimen175

("C:\Program Files\MiKTeX 2.9\tex\latex\listings\lstmisc.sty"
File: lstmisc.sty 2014/03/04 1.5c (Carsten Heinz)
\c@lstnumber=\count135
\lst@skipnumbers=\count136
\lst@framebox=\box61
)
("C:\Program Files\MiKTeX 2.9\tex\latex\listings\listings.cfg"
File: listings.cfg 2014/03/04 1.5c listings configuration
))
Package: listings 2014/03/04 1.5c (Carsten Heinz)

("C:\Program Files\MiKTeX 2.9\tex\latex\acronym\acronym.sty"
Package: acronym 2012/10/29 v1.38 Support for acronyms (Tobias Oetiker)

("C:\Program Files\MiKTeX 2.9\tex\latex\bigfoot\suffix.sty"
Package: suffix 2006/07/15 1.5 Variant command support
)
("C:\Program Files\MiKTeX 2.9\tex\latex\xstring\xstring.sty"
("C:\Program Files\MiKTeX 2.9\tex\generic\xstring\xstring.tex"
\@xs@message=\write3
\integerpart=\count137
\decimalpart=\count138
)
Package: xstring 2013/10/13  v1.7c  String manipulations (C Tellechea)
)
\AC@clearlist=\toks23
)
("C:\DropBox\Automotive Systems 2 (Software Based)\ProjectWork\ProjectDocumenta
tion\ProjectDocumentation\ProjectDocumentation.aux")
LaTeX Font Info:    Checking defaults for OML/cmm/m/it on input line 47.
LaTeX Font Info:    ... okay on input line 47.
LaTeX Font Info:    Checking defaults for T1/cmr/m/n on input line 47.
LaTeX Font Info:    ... okay on input line 47.
LaTeX Font Info:    Checking defaults for OT1/cmr/m/n on input line 47.
LaTeX Font Info:    ... okay on input line 47.
LaTeX Font Info:    Checking defaults for OMS/cmsy/m/n on input line 47.
LaTeX Font Info:    ... okay on input line 47.
LaTeX Font Info:    Checking defaults for OMX/cmex/m/n on input line 47.
LaTeX Font Info:    ... okay on input line 47.
LaTeX Font Info:    Checking defaults for U/cmr/m/n on input line 47.
LaTeX Font Info:    ... okay on input line 47.
LaTeX Font Info:    Checking defaults for PD1/pdf/m/n on input line 47.
LaTeX Font Info:    ... okay on input line 47.
LaTeX Font Info:    Try loading font information for T1+pplx on input line 47.

("C:\Program Files\MiKTeX 2.9\tex\latex\psnfss\t1pplx.fd"
File: t1pplx.fd 2004/09/06 font definitions for T1/pplx.
)
\big@size=\dimen176
LaTeX Info: Redefining \microtypecontext on input line 47.
Package microtype Info: Generating PDF output.
Package microtype Info: Character protrusion enabled (level 2).
Package microtype Info: Using default protrusion set `alltext'.
Package microtype Info: Automatic font expansion enabled (level 2),
(microtype)             stretch: 20, shrink: 20, step: 1, non-selected.
Package microtype Info: Using default expansion set `basictext'.
Package microtype Info: No adjustment of tracking.
Package microtype Info: No adjustment of interword spacing.
Package microtype Info: No adjustment of character kerning.

("C:\Program Files\MiKTeX 2.9\tex\latex\microtype\mt-ppl.cfg"
File: mt-ppl.cfg 2005/11/16 v1.6 microtype config. file: Palatino (RS)
)
*geometry* driver: auto-detecting
*geometry* detected driver: pdftex
*geometry* verbose mode - [ preamble ] result:
* driver: pdftex
* paper: <default>
* layout: <same size as paper>
* layoutoffset:(h,v)=(0.0pt,0.0pt)
* hratio: 1:1
* modes: 
* h-part:(L,W,R)=(92.14519pt, 430.00462pt, 92.14519pt)
* v-part:(T,H,B)=(91.04881pt, 608.5238pt, 95.39737pt)
* \paperwidth=614.295pt
* \paperheight=794.96999pt
* \textwidth=430.00462pt
* \textheight=608.5238pt
* \oddsidemargin=19.8752pt
* \evensidemargin=19.8752pt
* \topmargin=-18.22118pt
* \headheight=12.0pt
* \headsep=25.0pt
* \topskip=11.0pt
* \footskip=30.0pt
* \marginparwidth=59.0pt
* \marginparsep=10.0pt
* \columnsep=20.0pt
* \skip\footins=10.0pt plus 4.0pt minus 2.0pt
* \hoffset=0.0pt
* \voffset=0.0pt
* \mag=1000
* \@twocolumnfalse
* \@twosidefalse
* \@mparswitchfalse
* \@reversemarginfalse
* (1in=72.27pt=25.4mm, 1cm=28.453pt)

\AtBeginShipoutBox=\box62
Package hyperref Info: Link coloring OFF on input line 47.
("C:\Program Files\MiKTeX 2.9\tex\latex\hyperref\nameref.sty"
Package: nameref 2012/10/27 v2.43 Cross-referencing by name of section

("C:\Program Files\MiKTeX 2.9\tex\generic\oberdiek\gettitlestring.sty"
Package: gettitlestring 2010/12/03 v1.4 Cleanup title references (HO)
)
\c@section@level=\count139
)
LaTeX Info: Redefining \ref on input line 47.
LaTeX Info: Redefining \pageref on input line 47.
LaTeX Info: Redefining \nameref on input line 47.

("C:\DropBox\Automotive Systems 2 (Software Based)\ProjectWork\ProjectDocumenta
tion\ProjectDocumentation\ProjectDocumentation.out")
("C:\DropBox\Automotive Systems 2 (Software Based)\ProjectWork\ProjectDocumenta
tion\ProjectDocumentation\ProjectDocumentation.out")
\@outlinefile=\write4
Package caption Info: Begin \AtBeginDocument code.
Package caption Info: float package is loaded.
Package caption Info: floatflt package is loaded.
Package caption Info: listings package is loaded.
Package caption Info: End \AtBeginDocument code.

("C:\Program Files\MiKTeX 2.9\tex\context\base\supp-pdf.mkii"
[Loading MPS to PDF converter (version 2006.09.02).]
\scratchcounter=\count140
\scratchdimen=\dimen177
\scratchbox=\box63
\nofMPsegments=\count141
\nofMParguments=\count142
\everyMPshowfont=\toks24
\MPscratchCnt=\count143
\MPscratchDim=\dimen178
\MPnumerator=\count144
\makeMPintoPDFobject=\count145
\everyMPtoPDFconversion=\toks25
)
\c@lstlisting=\count146
 <HE_Logo_4c.pdf, id=75, 126.13202pt x 31.17377pt>
File: HE_Logo_4c.pdf Graphic file (type pdf)
 <use HE_Logo_4c.pdf>
Package pdftex.def Info: HE_Logo_4c.pdf used on input line 70.
(pdftex.def)             Requested size: 284.52756pt x 70.32484pt.
LaTeX Font Info:    Font shape `T1/pplx/bx/n' in size <24> not available
(Font)              Font shape `T1/pplx/b/n' tried instead on input line 77.
LaTeX Font Info:    Try loading font information for OT1+pplx on input line 77.


("C:\Program Files\MiKTeX 2.9\tex\latex\psnfss\ot1pplx.fd"
File: ot1pplx.fd 2004/09/06 font definitions for OT1/pplx.
)
LaTeX Font Info:    Try loading font information for OML+zplm on input line 77.


("C:\Program Files\MiKTeX 2.9\tex\latex\psnfss\omlzplm.fd"
File: omlzplm.fd 2002/09/08 Fontinst v1.914 font definitions for OML/zplm.
)
LaTeX Font Info:    Try loading font information for OMS+zplm on input line 77.


("C:\Program Files\MiKTeX 2.9\tex\latex\psnfss\omszplm.fd"
File: omszplm.fd 2002/09/08 Fontinst v1.914 font definitions for OMS/zplm.
)
LaTeX Font Info:    Try loading font information for OMX+zplm on input line 77.


("C:\Program Files\MiKTeX 2.9\tex\latex\psnfss\omxzplm.fd"
File: omxzplm.fd 2002/09/08 Fontinst v1.914 font definitions for OMX/zplm.
)
LaTeX Font Info:    Try loading font information for OT1+zplm on input line 77.


("C:\Program Files\MiKTeX 2.9\tex\latex\psnfss\ot1zplm.fd"
File: ot1zplm.fd 2002/09/08 Fontinst v1.914 font definitions for OT1/zplm.
)
Package microtype Info: Loading generic settings for font family
(microtype)             `zplm' (encoding: OT1).
(microtype)             For optimal results, create family-specific settings.
(microtype)             See the microtype manual for details.
Package microtype Info: Character `029' is missing
(microtype)             in font `T1/pplx/m/sc/12'.
(microtype)             Ignoring protrusion settings for this character.
 [1

{C:/ProgramData/MiKTeX/2.9/pdftex/config/pdftex.map} <C:/DropBox/Automotive Sys
tems 2 (Software Based)/ProjectWork/ProjectDocumentation/ProjectDocumentation/H
E_Logo_4c.pdf>]
("C:\DropBox\Automotive Systems 2 (Software Based)\ProjectWork\ProjectDocumenta
tion\ProjectDocumentation\ProjectDocumentation.toc"
LaTeX Font Info:    Font shape `T1/pplx/bx/n' in size <10.95> not available
(Font)              Font shape `T1/pplx/b/n' tried instead on input line 2.
)
\tf@toc=\write5
pdfTeX warning (ext4): destination with the same identifier (name{page.1}) has 
been already used, duplicate ignored
<to be read again> 
                   \relax 
l.91 \newpage
              [1] [2] <NFCProject.jpg, id=123, 2308.625pt x 1576.89125pt>
File: NFCProject.jpg Graphic file (type jpg)

<use NFCProject.jpg>
Package pdftex.def Info: NFCProject.jpg used on input line 119.
(pdftex.def)             Requested size: 455.24408pt x 310.94537pt.

Overfull \hbox (25.23946pt too wide) in paragraph at lines 119--120
 [][] 
 []

[3 <C:/DropBox/Automotive Systems 2 (Software Based)/ProjectWork/ProjectDocumen
tation/ProjectDocumentation/NFCProject.jpg>]
LaTeX Font Info:    Font shape `T1/pplx/bx/n' in size <12> not available
(Font)              Font shape `T1/pplx/b/n' tried instead on input line 125.

<nexus-s-nfc-antenna.jpg, id=131, 461.725pt x 411.5375pt>
File: nexus-s-nfc-antenna.jpg Graphic file (type jpg)

<use nexus-s-nfc-antenna.jpg>
Package pdftex.def Info: nexus-s-nfc-antenna.jpg used on input line 139.
(pdftex.def)             Requested size: 199.16928pt x 177.51656pt.
LaTeX Font Info:    Font shape `T1/pplx/bx/n' in size <10> not available
(Font)              Font shape `T1/pplx/b/n' tried instead on input line 140.
LaTeX Font Info:    Try loading font information for OMS+pplx on input line 150
.
LaTeX Font Info:    No file OMSpplx.fd. on input line 150.


LaTeX Font Warning: Font shape `OMS/pplx/m/n' undefined
(Font)              using `OMS/cmsy/m/n' instead
(Font)              for symbol `textbullet' on input line 150.

[4 <C:/DropBox/Automotive Systems 2 (Software Based)/ProjectWork/ProjectDocumen
tation/ProjectDocumentation/nexus-s-nfc-antenna.jpg>]
<smartphone_nfctag.png, id=144, 229.85875pt x 181.67876pt>
File: smartphone_nfctag.png Graphic file (type png)

<use smartphone_nfctag.png>
Package pdftex.def Info: smartphone_nfctag.png used on input line 157.
(pdftex.def)             Requested size: 199.16928pt x 157.42993pt.
 <HalfDuplex.png, id=145, 505.89pt x 122.4575pt>
File: HalfDuplex.png Graphic file (type png)

<use HalfDuplex.png>
Package pdftex.def Info: HalfDuplex.png used on input line 170.
(pdftex.def)             Requested size: 199.16928pt x 48.21228pt.
 <ASK.png, id=148, 1284.8pt x 704.6325pt>
File: ASK.png Graphic file (type png)
 <use ASK.png>
Package pdftex.def Info: ASK.png used on input line 179.
(pdftex.def)             Requested size: 426.79134pt x 234.06696pt.

[5 <C:/DropBox/Automotive Systems 2 (Software Based)/ProjectWork/ProjectDocumen
tation/ProjectDocumentation/smartphone_nfctag.png (PNG copy)> <C:/DropBox/Autom
otive Systems 2 (Software Based)/ProjectWork/ProjectDocumentation/ProjectDocume
ntation/HalfDuplex.png (PNG copy)>]
Underfull \hbox (badness 10000) in paragraph at lines 183--184

 []

<SamsungTecTiles.jpg, id=158, 225.84375pt x 224.84pt>
File: SamsungTecTiles.jpg Graphic file (type jpg)

<use SamsungTecTiles.jpg>
Package pdftex.def Info: SamsungTecTiles.jpg used on input line 193.
(pdftex.def)             Requested size: 85.35826pt x 84.98036pt.
 [6 <C:/DropBox/Automotive Systems 2 (Software Based)/ProjectWork/ProjectDocume
ntation/ProjectDocumentation/ASK.png (PNG copy)>]
<nfcvreader.jpg, id=168, 301.125pt x 301.125pt>
File: nfcvreader.jpg Graphic file (type jpg)
 <use nfcvreader.jpg>
Package pdftex.def Info: nfcvreader.jpg used on input line 203.
(pdftex.def)             Requested size: 56.9055pt x 56.90189pt.

<NFCvreader_place.jpg, id=171, 186.6975pt x 311.1625pt>
File: NFCvreader_place.jpg Graphic file (type jpg)

<use NFCvreader_place.jpg>
Package pdftex.def Info: NFCvreader_place.jpg used on input line 211.
(pdftex.def)             Requested size: 85.35826pt x 142.26286pt.

<NFCvreader_screen2.jpg, id=174, 186.6975pt x 311.1625pt>
File: NFCvreader_screen2.jpg Graphic file (type jpg)

<use NFCvreader_screen2.jpg>
Package pdftex.def Info: NFCvreader_screen2.jpg used on input line 219.
(pdftex.def)             Requested size: 85.35826pt x 142.26286pt.
 [7 <C:/DropBox/Automotive Systems 2 (Software Based)/ProjectWork/ProjectDocume
ntation/ProjectDocumentation/SamsungTecTiles.jpg> <C:/DropBox/Automotive System
s 2 (Software Based)/ProjectWork/ProjectDocumentation/ProjectDocumentation/nfcv
reader.jpg> <C:/DropBox/Automotive Systems 2 (Software Based)/ProjectWork/Proje
ctDocumentation/ProjectDocumentation/NFCvreader_place.jpg>] <NFCvreader_screen3
.jpg, id=186, 186.6975pt x 311.1625pt>
File: NFCvreader_screen3.jpg Graphic file (type jpg)

<use NFCvreader_screen3.jpg>
Package pdftex.def Info: NFCvreader_screen3.jpg used on input line 227.
(pdftex.def)             Requested size: 85.35826pt x 142.26286pt.

<NFCvreader_screen4.jpg, id=189, 1003.75pt x 1946.27126pt>
File: NFCvreader_screen4.jpg Graphic file (type jpg)

<use NFCvreader_screen4.jpg>
Package pdftex.def Info: NFCvreader_screen4.jpg used on input line 235.
(pdftex.def)             Requested size: 85.35826pt x 165.50511pt.
 [8 <C:/DropBox/Automotive Systems 2 (Software Based)/ProjectWork/ProjectDocume
ntation/ProjectDocumentation/NFCvreader_screen2.jpg> <C:/DropBox/Automotive Sys
tems 2 (Software Based)/ProjectWork/ProjectDocumentation/ProjectDocumentation/N
FCvreader_screen3.jpg>] [9 <C:/DropBox/Automotive Systems 2 (Software Based)/Pr
ojectWork/ProjectDocumentation/ProjectDocumentation/NFCvreader_screen4.jpg>] <M
24LRboard.png, id=203, 295.1025pt x 593.21625pt>
File: M24LRboard.png Graphic file (type png)

<use M24LRboard.png>
Package pdftex.def Info: M24LRboard.png used on input line 248.
(pdftex.def)             Requested size: 56.9055pt x 114.38683pt.
 <jumper.jpg, id=206, 503.8825pt x 559.08875pt>
File: jumper.jpg Graphic file (type jpg)

<use jumper.jpg>
Package pdftex.def Info: jumper.jpg used on input line 259.
(pdftex.def)             Requested size: 170.71652pt x 189.42224pt.
 <jumper_passive.jpg, id=207, 339.2675pt x 360.34625pt>
File: jumper_passive.jpg Graphic file (type jpg)

<use jumper_passive.jpg>
Package pdftex.def Info: jumper_passive.jpg used on input line 268.
(pdftex.def)             Requested size: 113.81102pt x 120.87756pt.
 [10 <C:/DropBox/Automotive Systems 2 (Software Based)/ProjectWork/ProjectDocum
entation/ProjectDocumentation/M24LRboard.png (PNG copy)> <C:/DropBox/Automotive
 Systems 2 (Software Based)/ProjectWork/ProjectDocumentation/ProjectDocumentati
on/jumper.jpg>]
<jumper_active.jpg, id=215, 351.3125pt x 348.30125pt>
File: jumper_active.jpg Graphic file (type jpg)
 <use jumper_active.jpg>
Package pdftex.def Info: jumper_active.jpg used on input line 277.
(pdftex.def)             Requested size: 113.81102pt x 112.83516pt.

<JTAG_CN1.jpg, id=216, 465.74pt x 593.21625pt>
File: JTAG_CN1.jpg Graphic file (type jpg)
 <use JTAG_CN1.jpg>
Package pdftex.def Info: JTAG_CN1.jpg used on input line 286.
(pdftex.def)             Requested size: 142.26378pt x 181.19771pt.
 [11 <C:/DropBox/Automotive Systems 2 (Software Based)/ProjectWork/ProjectDocum
entation/ProjectDocumentation/jumper_passive.jpg> <C:/DropBox/Automotive System
s 2 (Software Based)/ProjectWork/ProjectDocumentation/ProjectDocumentation/jump
er_active.jpg>] <hardwaresetup.jpg, id=223, 2400.97pt x 1488.56125pt>
File: hardwaresetup.jpg Graphic file (type jpg)

<use hardwaresetup.jpg>
Package pdftex.def Info: hardwaresetup.jpg used on input line 295.
(pdftex.def)             Requested size: 426.79134pt x 264.59056pt.
 [12 <C:/DropBox/Automotive Systems 2 (Software Based)/ProjectWork/ProjectDocum
entation/ProjectDocumentation/JTAG_CN1.jpg>]
LaTeX Font Info:    Try loading font information for T1+cmtt on input line 301.


("C:\Program Files\MiKTeX 2.9\tex\latex\base\t1cmtt.fd"
File: t1cmtt.fd 1999/05/25 v2.5h Standard LaTeX font definitions
)
Package microtype Info: Loading generic settings for font family
(microtype)             `cmtt' (encoding: T1).
(microtype)             For optimal results, create family-specific settings.
(microtype)             See the microtype manual for details.

Overfull \hbox (2.88535pt too wide) in paragraph at lines 300--303
\T1/pplx/m/n/10.95 (-20) Visual De-velop: []$\T1/cmtt/m/n/10.95 http : / / www 
. st . com / web / catalog / tools / FM147 / CL1794 / SC1808 / SS1767 /
 []


Underfull \hbox (badness 10000) in paragraph at lines 300--303

 []


Underfull \hbox (badness 10000) in paragraph at lines 304--306

 []

<STVD_project.jpg, id=233, 1371.1225pt x 729.72626pt>
File: STVD_project.jpg Graphic file (type jpg)
 <use STVD_project.jpg>
Package pdftex.def Info: STVD_project.jpg used on input line 312.
(pdftex.def)             Requested size: 426.79134pt x 227.13698pt.

[13 <C:/DropBox/Automotive Systems 2 (Software Based)/ProjectWork/ProjectDocume
ntation/ProjectDocumentation/hardwaresetup.jpg>]
<programmersettings.jpg, id=241, 539.01375pt x 414.54875pt>
File: programmersettings.jpg Graphic file (type jpg)

<use programmersettings.jpg>
Package pdftex.def Info: programmersettings.jpg used on input line 323.
(pdftex.def)             Requested size: 199.16928pt x 153.1782pt.
 [14 <C:/DropBox/Automotive Systems 2 (Software Based)/ProjectWork/ProjectDocum
entation/ProjectDocumentation/STVD_project.jpg> <C:/DropBox/Automotive Systems 
2 (Software Based)/ProjectWork/ProjectDocumentation/ProjectDocumentation/progra
mmersettings.jpg>]
Underfull \hbox (badness 10000) in paragraph at lines 338--340

 []

("C:\Program Files\MiKTeX 2.9\tex\latex\listings\lstlang1.sty"
File: lstlang1.sty 2014/03/04 1.5c listings language file
)
("C:\Program Files\MiKTeX 2.9\tex\latex\listings\lstmisc.sty"
File: lstmisc.sty 2014/03/04 1.5c (Carsten Heinz)
) [15]
Underfull \hbox (badness 10000) in paragraph at lines 385--386

 []

[16] <interface-canblue-ii.jpg, id=285, 401.5pt x 301.125pt>
File: interface-canblue-ii.jpg Graphic file (type jpg)

<use interface-canblue-ii.jpg>
Package pdftex.def Info: interface-canblue-ii.jpg used on input line 398.
(pdftex.def)             Requested size: 199.16928pt x 149.38126pt.
 [17 <C:/DropBox/Automotive Systems 2 (Software Based)/ProjectWork/ProjectDocum
entation/ProjectDocumentation/interface-canblue-ii.jpg>] <fsk.png, id=295, 263.
98625pt x 298.11375pt>
File: fsk.png Graphic file (type png)
 <use fsk.png>
Package pdftex.def Info: fsk.png used on input line 427.
(pdftex.def)             Requested size: 199.16928pt x 224.91757pt.
 [18 <C:/DropBox/Automotive Systems 2 (Software Based)/ProjectWork/ProjectDocum
entation/ProjectDocumentation/fsk.png (PNG copy)>]
<psk.png, id=306, 361.35pt x 233.87375pt>
File: psk.png Graphic file (type png)
 <use psk.png>
Package pdftex.def Info: psk.png used on input line 436.
(pdftex.def)             Requested size: 199.16928pt x 128.90573pt.

<tagwriter.png, id=310, 174.6525pt x 311.1625pt>
File: tagwriter.png Graphic file (type png)
 <use tagwriter.png>
Package pdftex.def Info: tagwriter.png used on input line 468.
(pdftex.def)             Requested size: 113.81102pt x 202.77075pt.
 [19 <C:/DropBox/Automotive Systems 2 (Software Based)/ProjectWork/ProjectDocum
entation/ProjectDocumentation/psk.png (PNG copy)>]
<bluetooth.png, id=319, 844.15375pt x 1302.8675pt>
File: bluetooth.png Graphic file (type png)
 <use bluetooth.png>
Package pdftex.def Info: bluetooth.png used on input line 477.
(pdftex.def)             Requested size: 113.81102pt x 175.64096pt.
 [20 <C:/DropBox/Automotive Systems 2 (Software Based)/ProjectWork/ProjectDocum
entation/ProjectDocumentation/tagwriter.png (PNG copy)> <C:/DropBox/Automotive 
Systems 2 (Software Based)/ProjectWork/ProjectDocumentation/ProjectDocumentatio
n/bluetooth.png (PNG copy)>]
Overfull \hbox (3.85645pt too wide) in paragraph at lines 488--490
\T1/pplx/m/n/10.95 (-20) "`../adt-bundle-windows-x86_64-20130522/sdk/extras/and
roid/support/v7/appcompat"'. 
 []

<properties.png, id=328, 633.36626pt x 569.12625pt>
File: properties.png Graphic file (type png)
 <use properties.png>
Package pdftex.def Info: properties.png used on input line 496.
(pdftex.def)             Requested size: 284.52756pt x 255.67024pt.

[21 <C:/DropBox/Automotive Systems 2 (Software Based)/ProjectWork/ProjectDocume
ntation/ProjectDocumentation/properties.png (PNG copy)>]
<startscreen.png, id=334, 1141.26375pt x 1786.675pt>
File: startscreen.png Graphic file (type png)
 <use startscreen.png>
Package pdftex.def Info: startscreen.png used on input line 509.
(pdftex.def)             Requested size: 85.35826pt x 133.61316pt.

<connectbutton.png, id=335, 1345.025pt x 2080.77374pt>
File: connectbutton.png Graphic file (type png)
 <use connectbutton.png>
Package pdftex.def Info: connectbutton.png used on input line 526.
(pdftex.def)             Requested size: 113.81102pt x 176.0538pt.

[22 <C:/DropBox/Automotive Systems 2 (Software Based)/ProjectWork/ProjectDocume
ntation/ProjectDocumentation/startscreen.png (PNG copy)> <C:/DropBox/Automotive
 Systems 2 (Software Based)/ProjectWork/ProjectDocumentation/ProjectDocumentati
on/connectbutton.png (PNG copy)>]
("C:\Program Files\MiKTeX 2.9\tex\latex\listings\lstlang1.sty"
File: lstlang1.sty 2014/03/04 1.5c listings language file
)
Overfull \hbox (36.46915pt too wide) in paragraph at lines 541--542
[][][][][][][][][][][][][][][][][] 
 []


Overfull \hbox (49.60925pt too wide) in paragraph at lines 549--550
[][][][][][][][][][][][][][][][][][][][][][] 
 []


Overfull \hbox (89.02957pt too wide) in paragraph at lines 550--552
[][][][][][][][][][][][][][][][][][] 
 []

<startstop.png, id=342, 1210.5225pt x 1864.9675pt>
File: startstop.png Graphic file (type png)
 <use startstop.png>
Package pdftex.def Info: startstop.png used on input line 573.
(pdftex.def)             Requested size: 113.81102pt x 175.32404pt.
 [23]

LaTeX Font Warning: Font shape `OMS/pplx/m/it' undefined
(Font)              using `OMS/pplx/m/n' instead
(Font)              for symbol `textasteriskcentered' on input line 585.


Overfull \hbox (115.30978pt too wide) in paragraph at lines 599--600
[][][][][][][][][][][][][][][][] 
 []

[24 <C:/DropBox/Automotive Systems 2 (Software Based)/ProjectWork/ProjectDocume
ntation/ProjectDocumentation/startstop.png (PNG copy)>] [25]
Underfull \hbox (badness 10000) in paragraph at lines 615--616
[]\T1/pplx/m/n/10.95 (+20) http://www.nfcworld.com/2010/12/16/35503/nexus-s-tea
rdown-how-nfc-fits-
 []

Package atveryend Info: Empty hook `BeforeClearDocument' on input line 634.
[26]
Package atveryend Info: Empty hook `AfterLastShipout' on input line 634.

("C:\DropBox\Automotive Systems 2 (Software Based)\ProjectWork\ProjectDocumenta
tion\ProjectDocumentation\ProjectDocumentation.aux")
Package atveryend Info: Executing hook `AtVeryEndDocument' on input line 634.
Package atveryend Info: Executing hook `AtEndAfterFileList' on input line 634.
Package rerunfilecheck Info: File `ProjectDocumentation.out' has not changed.
(rerunfilecheck)             Checksum: C23F93DADE75ED8805AEF6A3D0A790AE;1347.


LaTeX Font Warning: Some font shapes were not available, defaults substituted.

Package atveryend Info: Empty hook `AtVeryVeryEnd' on input line 634.
 ) 
Here is how much of TeX's memory you used:
 12131 strings out of 493921
 184206 string characters out of 3147286
 417218 words of memory out of 3000000
 14840 multiletter control sequences out of 15000+200000
 55851 words of font info for 214 fonts, out of 3000000 for 9000
 841 hyphenation exceptions out of 8191
 36i,11n,51p,853b,1671s stack positions out of 5000i,500n,10000p,200000b,50000s
 <C:\Users\Andy\AppData\Local\MiKTeX\2.9\fonts\pk\ljfour\jknappen\ec\dpi600\e
ctt1095.pk>{C:/Program Files/MiKTeX 2.9/fonts/enc/dvips/fontname/8r.enc}<C:/Pro
gram Files/MiKTeX 2.9/fonts/type1/public/amsfonts/cm/cmsy10.pfb><C:/Program Fil
es/MiKTeX 2.9/fonts/type1/public/fpl/fplrc8a.pfb><C:/Program Files/MiKTeX 2.9/f
onts/type1/urw/palatino/uplb8a.pfb><C:/Program Files/MiKTeX 2.9/fonts/type1/urw
/palatino/uplr8a.pfb><C:/Program Files/MiKTeX 2.9/fonts/type1/urw/palatino/uplr
i8a.pfb>
Output written on ProjectDocumentation.pdf (27 pages, 13052702 bytes).
PDF statistics:
 509 PDF objects out of 1000 (max. 8388607)
 171 named destinations out of 1000 (max. 500000)
 47394 words of extra memory for PDF output out of 51595 (max. 10000000)

